<?xml version="1.0" encoding="UTF-8"?>
<!-- Generated by org.testng.reporters.JUnitXMLReporter -->
<testsuite ignored="0" hostname="DESKTOP-NK2UH9G" failures="1" tests="14" name="Command line test" time="67.374" errors="0" timestamp="2021-04-18T19:27:58 SGT">
  <testcase classname="testclasses.NewTest" name="testAddition" time="2.367"/>
  <testcase classname="testclasses.NewTest" name="testAdditionFunctionalityWithMaximumDecimalPlaces" time="8.7">
    <failure type="junit.framework.AssertionFailedError">
      <![CDATA[junit.framework.AssertionFailedError
at junit.framework.Assert.fail(Assert.java:47)
at junit.framework.Assert.assertTrue(Assert.java:20)
at junit.framework.Assert.assertTrue(Assert.java:27)
at testclasses.NewTest.testAdditionFunctionalityWithMaximumDecimalPlaces(NewTest.java:238)
at java.base/java.util.ArrayList.forEach(ArrayList.java:1510)
at testclasses.App.main(App.java:19)
... Removed 24 stack frames]]>
    </failure>
  </testcase> <!-- testAdditionFunctionalityWithMaximumDecimalPlaces -->
  <testcase classname="testclasses.NewTest" name="testBoundaryValueAdditionForZero" time="2.782"/>
  <testcase classname="testclasses.NewTest" name="testBoundaryValueSubtractionForZero" time="2.673"/>
  <testcase classname="testclasses.NewTest" name="testDeletionFunctionalityWithMaximumDecimalPlaces" time="6.218"/>
  <testcase classname="testclasses.NewTest" name="testDivisionFunctionality" time="2.228"/>
  <testcase classname="testclasses.NewTest" name="testInvalidInputsSquareRootDivisionAndNine" time="2.277"/>
  <testcase classname="testclasses.NewTest" name="testInvalidIputsTwoPointsAndEquals" time="1.739"/>
  <testcase classname="testclasses.NewTest" name="testInvalidIputsTwoPointsAndOneNumber" time="2.981"/>
  <testcase classname="testclasses.NewTest" name="testMultiplicationFunctionality" time="2.531"/>
  <testcase classname="testclasses.NewTest" name="testSubtractOpertionWithSubtractAsTheFirstOperation" time="2.934"/>
  <testcase classname="testclasses.NewTest" name="testSubtraction" time="2.317"/>
  <testcase classname="testclasses.NewTest" name="testSubtractionForNumbersHavingOneDecimalPlace" time="3.153"/>
  <testcase classname="testclasses.NewTest" name="testSubtractionForNumbersHavingTwoDecimalPlaces" time="3.601"/>
</testsuite> <!-- Command line test -->
