<?xml version="1.0" encoding="UTF-8"?>
<testng-results ignored="0" total="14" passed="13" failed="1" skipped="0">
  <reporter-output>
  </reporter-output>
  <suite started-at="2021-04-18T19:26:51 SGT" name="Command line suite" finished-at="2021-04-18T19:27:58 SGT" duration-ms="67374">
    <groups>
    </groups>
    <test started-at="2021-04-18T19:26:51 SGT" name="Command line test" finished-at="2021-04-18T19:27:58 SGT" duration-ms="67374">
      <class name="testclasses.NewTest">
        <test-method is-config="true" signature="setup()[pri:0, instance:testclasses.NewTest@210366b4]" started-at="2021-04-18T19:26:51 SGT" name="setup" finished-at="2021-04-18T19:26:54 SGT" duration-ms="3262" status="PASS">
          <reporter-output>
          </reporter-output>
        </test-method> <!-- setup -->
        <test-method is-config="true" signature="resetCalculator()[pri:0, instance:testclasses.NewTest@210366b4]" started-at="2021-04-18T19:26:54 SGT" name="resetCalculator" finished-at="2021-04-18T19:26:55 SGT" duration-ms="807" status="PASS">
          <reporter-output>
          </reporter-output>
        </test-method> <!-- resetCalculator -->
        <test-method signature="testAddition()[pri:0, instance:testclasses.NewTest@210366b4]" started-at="2021-04-18T19:26:55 SGT" name="testAddition" finished-at="2021-04-18T19:26:57 SGT" duration-ms="2367" status="PASS">
          <reporter-output>
          </reporter-output>
        </test-method> <!-- testAddition -->
        <test-method is-config="true" signature="resetCalculator()[pri:0, instance:testclasses.NewTest@210366b4]" started-at="2021-04-18T19:26:57 SGT" name="resetCalculator" finished-at="2021-04-18T19:27:01 SGT" duration-ms="4211" status="PASS">
          <reporter-output>
          </reporter-output>
        </test-method> <!-- resetCalculator -->
        <test-method signature="testAdditionFunctionalityWithMaximumDecimalPlaces()[pri:0, instance:testclasses.NewTest@210366b4]" started-at="2021-04-18T19:27:01 SGT" name="testAdditionFunctionalityWithMaximumDecimalPlaces" finished-at="2021-04-18T19:27:10 SGT" duration-ms="8700" status="FAIL">
          <exception class="junit.framework.AssertionFailedError">
            <full-stacktrace>
              <![CDATA[junit.framework.AssertionFailedError
at junit.framework.Assert.fail(Assert.java:47)
at junit.framework.Assert.assertTrue(Assert.java:20)
at junit.framework.Assert.assertTrue(Assert.java:27)
at testclasses.NewTest.testAdditionFunctionalityWithMaximumDecimalPlaces(NewTest.java:238)
at java.base/jdk.internal.reflect.NativeMethodAccessorImpl.invoke0(Native Method)
at java.base/jdk.internal.reflect.NativeMethodAccessorImpl.invoke(NativeMethodAccessorImpl.java:62)
at java.base/jdk.internal.reflect.DelegatingMethodAccessorImpl.invoke(DelegatingMethodAccessorImpl.java:43)
at java.base/java.lang.reflect.Method.invoke(Method.java:564)
at org.testng.internal.MethodInvocationHelper.invokeMethod(MethodInvocationHelper.java:133)
at org.testng.internal.TestInvoker.invokeMethod(TestInvoker.java:598)
at org.testng.internal.TestInvoker.invokeTestMethod(TestInvoker.java:173)
at org.testng.internal.MethodRunner.runInSequence(MethodRunner.java:46)
at org.testng.internal.TestInvoker$MethodInvocationAgent.invoke(TestInvoker.java:824)
at org.testng.internal.TestInvoker.invokeTestMethods(TestInvoker.java:146)
at org.testng.internal.TestMethodWorker.invokeTestMethods(TestMethodWorker.java:146)
at org.testng.internal.TestMethodWorker.run(TestMethodWorker.java:128)
at java.base/java.util.ArrayList.forEach(ArrayList.java:1510)
at org.testng.TestRunner.privateRun(TestRunner.java:794)
at org.testng.TestRunner.run(TestRunner.java:596)
at org.testng.SuiteRunner.runTest(SuiteRunner.java:377)
at org.testng.SuiteRunner.runSequentially(SuiteRunner.java:371)
at org.testng.SuiteRunner.privateRun(SuiteRunner.java:332)
at org.testng.SuiteRunner.run(SuiteRunner.java:276)
at org.testng.SuiteRunnerWorker.runSuite(SuiteRunnerWorker.java:53)
at org.testng.SuiteRunnerWorker.run(SuiteRunnerWorker.java:96)
at org.testng.TestNG.runSuitesSequentially(TestNG.java:1212)
at org.testng.TestNG.runSuitesLocally(TestNG.java:1134)
at org.testng.TestNG.runSuites(TestNG.java:1063)
at org.testng.TestNG.run(TestNG.java:1031)
at testclasses.App.main(App.java:19)
]]>
            </full-stacktrace>
          </exception> <!-- junit.framework.AssertionFailedError -->
          <reporter-output>
          </reporter-output>
        </test-method> <!-- testAdditionFunctionalityWithMaximumDecimalPlaces -->
        <test-method is-config="true" signature="resetCalculator()[pri:0, instance:testclasses.NewTest@210366b4]" started-at="2021-04-18T19:27:10 SGT" name="resetCalculator" finished-at="2021-04-18T19:27:12 SGT" duration-ms="1900" status="PASS">
          <reporter-output>
          </reporter-output>
        </test-method> <!-- resetCalculator -->
        <test-method signature="testBoundaryValueAdditionForZero()[pri:0, instance:testclasses.NewTest@210366b4]" started-at="2021-04-18T19:27:12 SGT" name="testBoundaryValueAdditionForZero" finished-at="2021-04-18T19:27:15 SGT" duration-ms="2782" status="PASS">
          <reporter-output>
          </reporter-output>
        </test-method> <!-- testBoundaryValueAdditionForZero -->
        <test-method is-config="true" signature="resetCalculator()[pri:0, instance:testclasses.NewTest@210366b4]" started-at="2021-04-18T19:27:15 SGT" name="resetCalculator" finished-at="2021-04-18T19:27:15 SGT" duration-ms="500" status="PASS">
          <reporter-output>
          </reporter-output>
        </test-method> <!-- resetCalculator -->
        <test-method signature="testBoundaryValueSubtractionForZero()[pri:0, instance:testclasses.NewTest@210366b4]" started-at="2021-04-18T19:27:15 SGT" name="testBoundaryValueSubtractionForZero" finished-at="2021-04-18T19:27:18 SGT" duration-ms="2673" status="PASS">
          <reporter-output>
          </reporter-output>
        </test-method> <!-- testBoundaryValueSubtractionForZero -->
        <test-method is-config="true" signature="resetCalculator()[pri:0, instance:testclasses.NewTest@210366b4]" started-at="2021-04-18T19:27:18 SGT" name="resetCalculator" finished-at="2021-04-18T19:27:18 SGT" duration-ms="515" status="PASS">
          <reporter-output>
          </reporter-output>
        </test-method> <!-- resetCalculator -->
        <test-method signature="testDeletionFunctionalityWithMaximumDecimalPlaces()[pri:0, instance:testclasses.NewTest@210366b4]" started-at="2021-04-18T19:27:18 SGT" name="testDeletionFunctionalityWithMaximumDecimalPlaces" finished-at="2021-04-18T19:27:24 SGT" duration-ms="6218" status="PASS">
          <reporter-output>
          </reporter-output>
        </test-method> <!-- testDeletionFunctionalityWithMaximumDecimalPlaces -->
        <test-method is-config="true" signature="resetCalculator()[pri:0, instance:testclasses.NewTest@210366b4]" started-at="2021-04-18T19:27:24 SGT" name="resetCalculator" finished-at="2021-04-18T19:27:25 SGT" duration-ms="467" status="PASS">
          <reporter-output>
          </reporter-output>
        </test-method> <!-- resetCalculator -->
        <test-method signature="testDivisionFunctionality()[pri:0, instance:testclasses.NewTest@210366b4]" started-at="2021-04-18T19:27:25 SGT" name="testDivisionFunctionality" finished-at="2021-04-18T19:27:27 SGT" duration-ms="2228" status="PASS">
          <reporter-output>
          </reporter-output>
        </test-method> <!-- testDivisionFunctionality -->
        <test-method is-config="true" signature="resetCalculator()[pri:0, instance:testclasses.NewTest@210366b4]" started-at="2021-04-18T19:27:27 SGT" name="resetCalculator" finished-at="2021-04-18T19:27:30 SGT" duration-ms="3295" status="PASS">
          <reporter-output>
          </reporter-output>
        </test-method> <!-- resetCalculator -->
        <test-method signature="testInvalidInputsSquareRootDivisionAndNine()[pri:0, instance:testclasses.NewTest@210366b4]" started-at="2021-04-18T19:27:30 SGT" name="testInvalidInputsSquareRootDivisionAndNine" finished-at="2021-04-18T19:27:33 SGT" duration-ms="2277" status="PASS">
          <reporter-output>
          </reporter-output>
        </test-method> <!-- testInvalidInputsSquareRootDivisionAndNine -->
        <test-method is-config="true" signature="resetCalculator()[pri:0, instance:testclasses.NewTest@210366b4]" started-at="2021-04-18T19:27:33 SGT" name="resetCalculator" finished-at="2021-04-18T19:27:33 SGT" duration-ms="475" status="PASS">
          <reporter-output>
          </reporter-output>
        </test-method> <!-- resetCalculator -->
        <test-method signature="testInvalidIputsTwoPointsAndEquals()[pri:0, instance:testclasses.NewTest@210366b4]" started-at="2021-04-18T19:27:33 SGT" name="testInvalidIputsTwoPointsAndEquals" finished-at="2021-04-18T19:27:35 SGT" duration-ms="1739" status="PASS">
          <reporter-output>
          </reporter-output>
        </test-method> <!-- testInvalidIputsTwoPointsAndEquals -->
        <test-method is-config="true" signature="resetCalculator()[pri:0, instance:testclasses.NewTest@210366b4]" started-at="2021-04-18T19:27:35 SGT" name="resetCalculator" finished-at="2021-04-18T19:27:36 SGT" duration-ms="829" status="PASS">
          <reporter-output>
          </reporter-output>
        </test-method> <!-- resetCalculator -->
        <test-method signature="testInvalidIputsTwoPointsAndOneNumber()[pri:0, instance:testclasses.NewTest@210366b4]" started-at="2021-04-18T19:27:36 SGT" name="testInvalidIputsTwoPointsAndOneNumber" finished-at="2021-04-18T19:27:39 SGT" duration-ms="2981" status="PASS">
          <reporter-output>
          </reporter-output>
        </test-method> <!-- testInvalidIputsTwoPointsAndOneNumber -->
        <test-method is-config="true" signature="resetCalculator()[pri:0, instance:testclasses.NewTest@210366b4]" started-at="2021-04-18T19:27:39 SGT" name="resetCalculator" finished-at="2021-04-18T19:27:41 SGT" duration-ms="2061" status="PASS">
          <reporter-output>
          </reporter-output>
        </test-method> <!-- resetCalculator -->
        <test-method signature="testMultiplicationFunctionality()[pri:0, instance:testclasses.NewTest@210366b4]" started-at="2021-04-18T19:27:41 SGT" name="testMultiplicationFunctionality" finished-at="2021-04-18T19:27:43 SGT" duration-ms="2531" status="PASS">
          <reporter-output>
          </reporter-output>
        </test-method> <!-- testMultiplicationFunctionality -->
        <test-method is-config="true" signature="resetCalculator()[pri:0, instance:testclasses.NewTest@210366b4]" started-at="2021-04-18T19:27:43 SGT" name="resetCalculator" finished-at="2021-04-18T19:27:44 SGT" duration-ms="487" status="PASS">
          <reporter-output>
          </reporter-output>
        </test-method> <!-- resetCalculator -->
        <test-method signature="testSubtractOpertionWithSubtractAsTheFirstOperation()[pri:0, instance:testclasses.NewTest@210366b4]" started-at="2021-04-18T19:27:44 SGT" name="testSubtractOpertionWithSubtractAsTheFirstOperation" finished-at="2021-04-18T19:27:47 SGT" duration-ms="2934" status="PASS">
          <reporter-output>
          </reporter-output>
        </test-method> <!-- testSubtractOpertionWithSubtractAsTheFirstOperation -->
        <test-method is-config="true" signature="resetCalculator()[pri:0, instance:testclasses.NewTest@210366b4]" started-at="2021-04-18T19:27:47 SGT" name="resetCalculator" finished-at="2021-04-18T19:27:47 SGT" duration-ms="499" status="PASS">
          <reporter-output>
          </reporter-output>
        </test-method> <!-- resetCalculator -->
        <test-method signature="testSubtraction()[pri:0, instance:testclasses.NewTest@210366b4]" started-at="2021-04-18T19:27:47 SGT" name="testSubtraction" finished-at="2021-04-18T19:27:50 SGT" duration-ms="2317" status="PASS">
          <reporter-output>
          </reporter-output>
        </test-method> <!-- testSubtraction -->
        <test-method is-config="true" signature="resetCalculator()[pri:0, instance:testclasses.NewTest@210366b4]" started-at="2021-04-18T19:27:50 SGT" name="resetCalculator" finished-at="2021-04-18T19:27:51 SGT" duration-ms="1055" status="PASS">
          <reporter-output>
          </reporter-output>
        </test-method> <!-- resetCalculator -->
        <test-method signature="testSubtractionForNumbersHavingOneDecimalPlace()[pri:0, instance:testclasses.NewTest@210366b4]" started-at="2021-04-18T19:27:51 SGT" name="testSubtractionForNumbersHavingOneDecimalPlace" finished-at="2021-04-18T19:27:54 SGT" duration-ms="3153" status="PASS">
          <reporter-output>
          </reporter-output>
        </test-method> <!-- testSubtractionForNumbersHavingOneDecimalPlace -->
        <test-method is-config="true" signature="resetCalculator()[pri:0, instance:testclasses.NewTest@210366b4]" started-at="2021-04-18T19:27:54 SGT" name="resetCalculator" finished-at="2021-04-18T19:27:54 SGT" duration-ms="480" status="PASS">
          <reporter-output>
          </reporter-output>
        </test-method> <!-- resetCalculator -->
        <test-method signature="testSubtractionForNumbersHavingTwoDecimalPlaces()[pri:0, instance:testclasses.NewTest@210366b4]" started-at="2021-04-18T19:27:54 SGT" name="testSubtractionForNumbersHavingTwoDecimalPlaces" finished-at="2021-04-18T19:27:58 SGT" duration-ms="3601" status="PASS">
          <reporter-output>
          </reporter-output>
        </test-method> <!-- testSubtractionForNumbersHavingTwoDecimalPlaces -->
        <test-method is-config="true" signature="afterClasee()[pri:0, instance:testclasses.NewTest@210366b4]" started-at="2021-04-18T19:27:58 SGT" name="afterClasee" finished-at="2021-04-18T19:27:58 SGT" duration-ms="0" status="PASS">
          <reporter-output>
          </reporter-output>
        </test-method> <!-- afterClasee -->
      </class> <!-- testclasses.NewTest -->
    </test> <!-- Command line test -->
  </suite> <!-- Command line suite -->
</testng-results>
