<?xml version="1.0" encoding="UTF-8"?>
<!-- Generated by org.testng.reporters.JUnitXMLReporter -->
<testsuite ignored="0" hostname="DESKTOP-NK2UH9G" failures="1" tests="14" name="Default test" time="76.837" errors="0" timestamp="2021-04-18T18:24:04 SGT">
  <testcase classname="testclasses.NewTest" name="testAddition" time="2.606"/>
  <testcase classname="testclasses.NewTest" name="testAdditionFunctionalityWithMaximumDecimalPlaces" time="8.719">
    <failure type="junit.framework.AssertionFailedError">
      <![CDATA[junit.framework.AssertionFailedError
at junit.framework.Assert.fail(Assert.java:47)
at junit.framework.Assert.assertTrue(Assert.java:20)
at junit.framework.Assert.assertTrue(Assert.java:27)
at testclasses.NewTest.testAdditionFunctionalityWithMaximumDecimalPlaces(NewTest.java:231)
at java.base/jdk.internal.reflect.NativeMethodAccessorImpl.invoke0(Native Method)
at java.base/jdk.internal.reflect.NativeMethodAccessorImpl.invoke(NativeMethodAccessorImpl.java:62)
at java.base/jdk.internal.reflect.DelegatingMethodAccessorImpl.invoke(DelegatingMethodAccessorImpl.java:43)
at java.base/java.lang.reflect.Method.invoke(Method.java:564)
at org.testng.internal.MethodInvocationHelper.invokeMethod(MethodInvocationHelper.java:132)
at org.testng.internal.TestInvoker.invokeMethod(TestInvoker.java:599)
at org.testng.internal.TestInvoker.invokeTestMethod(TestInvoker.java:174)
at org.testng.internal.MethodRunner.runInSequence(MethodRunner.java:46)
at org.testng.internal.TestInvoker$MethodInvocationAgent.invoke(TestInvoker.java:822)
at org.testng.internal.TestInvoker.invokeTestMethods(TestInvoker.java:147)
at org.testng.internal.TestMethodWorker.invokeTestMethods(TestMethodWorker.java:146)
at org.testng.internal.TestMethodWorker.run(TestMethodWorker.java:128)
at java.base/java.util.ArrayList.forEach(ArrayList.java:1510)
at org.testng.TestRunner.privateRun(TestRunner.java:764)
at org.testng.TestRunner.run(TestRunner.java:585)
at org.testng.SuiteRunner.runTest(SuiteRunner.java:384)
at org.testng.SuiteRunner.runSequentially(SuiteRunner.java:378)
at org.testng.SuiteRunner.privateRun(SuiteRunner.java:337)
at org.testng.SuiteRunner.run(SuiteRunner.java:286)
at org.testng.SuiteRunnerWorker.runSuite(SuiteRunnerWorker.java:53)
at org.testng.SuiteRunnerWorker.run(SuiteRunnerWorker.java:96)
at org.testng.TestNG.runSuitesSequentially(TestNG.java:1218)
at org.testng.TestNG.runSuitesLocally(TestNG.java:1140)
at org.testng.TestNG.runSuites(TestNG.java:1069)
at org.testng.TestNG.run(TestNG.java:1037)
at org.testng.remote.AbstractRemoteTestNG.run(AbstractRemoteTestNG.java:115)
at org.testng.remote.RemoteTestNG.initAndRun(RemoteTestNG.java:251)
at org.testng.remote.RemoteTestNG.main(RemoteTestNG.java:77)
]]>
    </failure>
  </testcase> <!-- testAdditionFunctionalityWithMaximumDecimalPlaces -->
  <testcase classname="testclasses.NewTest" name="testBoundaryValueAdditionForZero" time="2.848"/>
  <testcase classname="testclasses.NewTest" name="testBoundaryValueSubtractionForZero" time="2.721"/>
  <testcase classname="testclasses.NewTest" name="testDeletionFunctionalityWithMaximumDecimalPlaces" time="6.341"/>
  <testcase classname="testclasses.NewTest" name="testDivisionFunctionality" time="2.252"/>
  <testcase classname="testclasses.NewTest" name="testInvalidInputsSquareRootDivisionAndNine" time="2.281"/>
  <testcase classname="testclasses.NewTest" name="testInvalidIputsTwoPointsAndEquals" time="1.931"/>
  <testcase classname="testclasses.NewTest" name="testInvalidIputsTwoPointsAndOneNumber" time="3.001"/>
  <testcase classname="testclasses.NewTest" name="testMultiplicationFunctionality" time="2.591"/>
  <testcase classname="testclasses.NewTest" name="testSubtractOpertionWithSubtractAsTheFirstOperation" time="2.936"/>
  <testcase classname="testclasses.NewTest" name="testSubtraction" time="2.302"/>
  <testcase classname="testclasses.NewTest" name="testSubtractionForNumbersHavingOneDecimalPlace" time="3.173"/>
  <testcase classname="testclasses.NewTest" name="testSubtractionForNumbersHavingTwoDecimalPlaces" time="3.635"/>
</testsuite> <!-- Default test -->
